<?xml version="1.0" encoding="UTF-8"?>
<testng-results ignored="0" total="1" passed="1" failed="0" skipped="0">
  <reporter-output>
  </reporter-output>
  <suite started-at="2019-12-08T15:51:38 IST" name="Suite" finished-at="2019-12-08T15:51:52 IST" duration-ms="13692">
    <groups>
    </groups>
    <test started-at="2019-12-08T15:51:38 IST" name="Test" finished-at="2019-12-08T15:51:52 IST" duration-ms="13692">
      <class name="misc.Handleauthenticatepopupusingrobot">
        <test-method is-config="true" signature="setup()[pri:0, instance:misc.Handleauthenticatepopupusingrobot@6a03bcb1]" started-at="2019-12-08T15:51:38 IST" name="setup" finished-at="2019-12-08T15:51:49 IST" duration-ms="10324" status="PASS">
          <reporter-output>
          </reporter-output>
        </test-method> <!-- setup -->
        <test-method signature="authenticate()[pri:0, instance:misc.Handleauthenticatepopupusingrobot@6a03bcb1]" started-at="2019-12-08T15:51:49 IST" name="authenticate" finished-at="2019-12-08T15:51:52 IST" duration-ms="3339" status="PASS">
          <reporter-output>
          </reporter-output>
        </test-method> <!-- authenticate -->
        <test-method is-config="true" signature="end()[pri:0, instance:misc.Handleauthenticatepopupusingrobot@6a03bcb1]" started-at="2019-12-08T15:51:52 IST" name="end" finished-at="2019-12-08T15:51:52 IST" duration-ms="1" status="PASS">
          <reporter-output>
          </reporter-output>
        </test-method> <!-- end -->
      </class> <!-- misc.Handleauthenticatepopupusingrobot -->
    </test> <!-- Test -->
  </suite> <!-- Suite -->
</testng-results>
