<?xml version="1.0" encoding="UTF-8"?>
<!-- Generated by org.testng.reporters.JUnitXMLReporter -->
<testsuite ignored="0" hostname="DESKTOP-LG2LKO2" failures="0" tests="3" name="createtestngsuite" time="34.842" errors="0" timestamp="2020-01-03T13:07:08 IST">
  <testcase classname="practice.createtestngsuite" name="openbing" time="1.175"/>
  <testcase classname="practice.createtestngsuite" name="opengoogle" time="2.436"/>
  <testcase classname="practice.createtestngsuite" name="openyahoo" time="31.215"/>
</testsuite> <!-- createtestngsuite -->
