<?xml version="1.0" encoding="UTF-8"?>
<!-- Generated by org.testng.reporters.JUnitXMLReporter -->
<testsuite ignored="2" hostname="DESKTOP-LG2LKO2" failures="0" tests="4" name="Testgroup" time="0.081" errors="0" timestamp="2020-01-19T23:04:24 IST">
  <testcase classname="grouping.groupingcl" name="oppo1" time="0.012"/>
  <testcase classname="grouping.groupingcl" name="oppo2" time="0.002"/>
  <testcase classname="grouping.groupingcl" name="vivo1" time="0.002"/>
  <testcase classname="grouping.groupingcl" name="vivo2" time="0.003"/>
  <testcase classname="grouping.groupingcl" name="honor2" time="0.0">
    <ignored/>
  </testcase> <!-- honor2 -->
  <testcase classname="grouping.groupingcl" name="honor1" time="0.0">
    <ignored/>
  </testcase> <!-- honor1 -->
</testsuite> <!-- Testgroup -->
