<?xml version="1.0" encoding="UTF-8"?>
<testng-results ignored="0" total="4" passed="4" failed="0" skipped="0">
  <reporter-output>
  </reporter-output>
  <suite started-at="2020-04-17T15:07:06Z" name="Default suite" finished-at="2020-04-17T15:10:40Z" duration-ms="214347">
    <groups>
    </groups>
    <test started-at="2020-04-17T15:07:06Z" name="Default test" finished-at="2020-04-17T15:10:40Z" duration-ms="214347">
      <class name="simpleexcelread.readdata">
        <test-method signature="login(java.lang.String, java.lang.String)[pri:0, instance:simpleexcelread.readdata@3d34d211]" started-at="2020-04-17T15:07:07Z" name="login" data-provider="userdata" finished-at="2020-04-17T15:07:52Z" duration-ms="45083" status="PASS">
          <params>
            <param index="0">
              <value>
                <![CDATA[admin1]]>
              </value>
            </param>
            <param index="1">
              <value>
                <![CDATA[admin123]]>
              </value>
            </param>
          </params>
          <reporter-output>
          </reporter-output>
        </test-method> <!-- login -->
        <test-method signature="login(java.lang.String, java.lang.String)[pri:0, instance:simpleexcelread.readdata@3d34d211]" started-at="2020-04-17T15:07:52Z" name="login" data-provider="userdata" finished-at="2020-04-17T15:08:37Z" duration-ms="44858" status="PASS">
          <params>
            <param index="0">
              <value>
                <![CDATA[admin2]]>
              </value>
            </param>
            <param index="1">
              <value>
                <![CDATA[admin1234]]>
              </value>
            </param>
          </params>
          <reporter-output>
          </reporter-output>
        </test-method> <!-- login -->
        <test-method signature="login(java.lang.String, java.lang.String)[pri:0, instance:simpleexcelread.readdata@3d34d211]" started-at="2020-04-17T15:08:37Z" name="login" data-provider="userdata" finished-at="2020-04-17T15:09:27Z" duration-ms="50458" status="PASS">
          <params>
            <param index="0">
              <value>
                <![CDATA[admin3]]>
              </value>
            </param>
            <param index="1">
              <value>
                <![CDATA[12324]]>
              </value>
            </param>
          </params>
          <reporter-output>
          </reporter-output>
        </test-method> <!-- login -->
        <test-method signature="login(java.lang.String, java.lang.String)[pri:0, instance:simpleexcelread.readdata@3d34d211]" started-at="2020-04-17T15:09:27Z" name="login" data-provider="userdata" finished-at="2020-04-17T15:10:40Z" duration-ms="73135" status="PASS">
          <params>
            <param index="0">
              <value>
                <![CDATA[Admin]]>
              </value>
            </param>
            <param index="1">
              <value>
                <![CDATA[admin123]]>
              </value>
            </param>
          </params>
          <reporter-output>
          </reporter-output>
        </test-method> <!-- login -->
      </class> <!-- simpleexcelread.readdata -->
    </test> <!-- Default test -->
  </suite> <!-- Default suite -->
</testng-results>
