<?xml version="1.0" encoding="UTF-8"?>
<!-- Generated by org.testng.reporters.JUnitXMLReporter -->
<testsuite ignored="0" hostname="DESKTOP-LG2LKO2" failures="0" tests="4" name="LoginTestcase" time="64.089" errors="0" timestamp="2019-12-15T21:33:33 IST">
  <testcase classname="loginTC.Correctusername" name="loginwithCorrectUserName" time="17.334"/>
  <testcase classname="loginTC.Correctpassword" name="loginwithCorrectPassword" time="15.918"/>
  <testcase classname="loginTC.Bothincorrect" name="loginwithBothIncorrect" time="14.918"/>
  <testcase classname="loginTC.Bothcorrect" name="loginwithBothCorrect" time="15.864"/>
</testsuite> <!-- LoginTestcase -->
