<?xml version="1.0" encoding="UTF-8"?>
<testng-results ignored="0" total="1" passed="1" failed="0" skipped="0">
  <reporter-output>
  </reporter-output>
  <suite started-at="2020-02-13T20:21:02Z" name="Default suite" finished-at="2020-02-13T20:21:21Z" duration-ms="18791">
    <groups>
    </groups>
    <test started-at="2020-02-13T20:21:02Z" name="Default test" finished-at="2020-02-13T20:21:21Z" duration-ms="18791">
      <class name="seleniumwebdriverpracticeTC.withoutpagefactoryTC">
        <test-method signature="withoutpagefactory()[pri:0, instance:seleniumwebdriverpracticeTC.withoutpagefactoryTC@fa4c865]" started-at="2020-02-13T20:21:02Z" name="withoutpagefactory" finished-at="2020-02-13T20:21:21Z" duration-ms="18761" status="PASS">
          <reporter-output>
          </reporter-output>
        </test-method> <!-- withoutpagefactory -->
      </class> <!-- seleniumwebdriverpracticeTC.withoutpagefactoryTC -->
    </test> <!-- Default test -->
  </suite> <!-- Default suite -->
</testng-results>
