<?xml version="1.0" encoding="UTF-8"?>
<!-- Generated by org.testng.reporters.JUnitXMLReporter -->
<testsuite ignored="0" hostname="DESKTOP-LG2LKO2" failures="2" tests="4" name="Test" time="73.707" errors="0" timestamp="18 Jan 2020 00:49:58 GMT">
  <testcase classname="Academy.homepage" name="pageNavigation" time="31.335"/>
  <testcase classname="Academy.homepage" name="pageNavigation" time="27.546"/>
  <testcase classname="Academy.validatelandingPagetext" name="validatetext" time="0.066">
    <failure type="java.lang.AssertionError" message="expected [FEATURED COURSES] but found [FEATURED COURSE]">
      <![CDATA[java.lang.AssertionError: expected [FEATURED COURSES] but found [FEATURED COURSE]
at Academy.validatelandingPagetext.validatetext(validatelandingPagetext.java:43)
... Removed 31 stack frames]]>
    </failure>
  </testcase> <!-- validatetext -->
  <testcase classname="Academy.validatelandingPagetext" name="validatetext" time="14.808">
    <failure type="java.lang.NullPointerException">
      <![CDATA[java.lang.NullPointerException
at resources.baseclass.screenshot(baseclass.java:63)
at Academy.listernerfortest.onTestFailure(listernerfortest.java:29)
... Removed 22 stack frames]]>
    </failure>
  </testcase> <!-- validatetext -->
</testsuite> <!-- Test -->
