<?xml version="1.0" encoding="UTF-8"?>
<!-- Generated by org.testng.reporters.JUnitXMLReporter -->
<testsuite ignored="0" hostname="DESKTOP-LG2LKO2" failures="1" tests="1" name="Test3" time="19.647" errors="0" timestamp="18 Jan 2020 03:46:59 GMT">
  <testcase classname="Academy.validatelandingPagetext" name="validatetext" time="0.052">
    <failure type="java.lang.AssertionError" message="expected [FEATURED COURSES] but found [FEATURED COURSE]">
      <![CDATA[java.lang.AssertionError: expected [FEATURED COURSES] but found [FEATURED COURSE]
at Academy.validatelandingPagetext.validatetext(validatelandingPagetext.java:45)
... Removed 31 stack frames]]>
    </failure>
  </testcase> <!-- validatetext -->
</testsuite> <!-- Test3 -->
