<?xml version="1.0" encoding="UTF-8"?>
<testng-results ignored="0" total="2" passed="2" failed="0" skipped="0">
  <reporter-output>
  </reporter-output>
  <suite started-at="2020-01-25T17:21:25 IST" name="Default suite" finished-at="2020-01-25T17:21:25 IST" duration-ms="104">
    <groups>
    </groups>
    <test started-at="2020-01-25T17:21:25 IST" name="Default test" finished-at="2020-01-25T17:21:25 IST" duration-ms="104">
      <class name="prioty.checkpriority">
        <test-method signature="method1()[pri:-1, instance:prioty.checkpriority@5c671d7f]" started-at="2020-01-25T17:21:25 IST" name="method1" finished-at="2020-01-25T17:21:25 IST" duration-ms="14" status="PASS">
          <reporter-output>
          </reporter-output>
        </test-method> <!-- method1 -->
        <test-method signature="method2()[pri:1, instance:prioty.checkpriority@5c671d7f]" started-at="2020-01-25T17:21:25 IST" name="method2" finished-at="2020-01-25T17:21:25 IST" duration-ms="3" status="PASS">
          <reporter-output>
          </reporter-output>
        </test-method> <!-- method2 -->
      </class> <!-- prioty.checkpriority -->
    </test> <!-- Default test -->
  </suite> <!-- Default suite -->
</testng-results>
