<?xml version="1.0" encoding="UTF-8"?>
<!-- Generated by org.testng.reporters.JUnitXMLReporter -->
<testsuite ignored="0" hostname="DESKTOP-LG2LKO2" failures="0" tests="4" name="Default test" time="214.347" errors="0" timestamp="17 Apr 2020 15:10:40 GMT">
  <testcase classname="simpleexcelread.readdata" name="login" time="45.083"/>
  <testcase classname="simpleexcelread.readdata" name="login" time="44.858"/>
  <testcase classname="simpleexcelread.readdata" name="login" time="50.458"/>
  <testcase classname="simpleexcelread.readdata" name="login" time="73.135"/>
</testsuite> <!-- Default test -->
