<?xml version="1.0" encoding="UTF-8"?>
<!-- Generated by org.testng.reporters.JUnitXMLReporter -->
<testsuite ignored="1" hostname="DESKTOP-LG2LKO2" failures="0" tests="2" name="Hello" time="0.094" errors="0" timestamp="2019-11-03T10:48:25 IST">
  <testcase classname="Test.Hello2" name="sample3" time="0.015"/>
  <testcase classname="Test.Hello" name="sample" time="0.016"/>
  <testcase classname="Test.Hello" name="sample2" time="0.0">
    <ignored/>
  </testcase> <!-- sample2 -->
</testsuite> <!-- Hello -->
