<?xml version="1.0" encoding="UTF-8"?>
<!-- Generated by org.testng.reporters.JUnitXMLReporter -->
<testsuite ignored="1" hostname="DESKTOP-LG2LKO2" failures="0" tests="2" name="Loan" time="0.016" errors="0" timestamp="2019-11-03T10:48:25 IST">
  <testcase classname="Test.Loan1" name="personalloan1" time="0.014"/>
  <testcase classname="Test.Loan1" name="personalloan3" time="0.0"/>
  <testcase classname="Test.Loan1" name="personalloan2" time="0.0">
    <ignored/>
  </testcase> <!-- personalloan2 -->
</testsuite> <!-- Loan -->
