<?xml version="1.0" encoding="UTF-8"?>
<!-- Generated by org.testng.reporters.JUnitXMLReporter -->
<testsuite ignored="0" hostname="DESKTOP-LG2LKO2" failures="0" tests="4" name="loginusingdp" time="65.01" errors="0" timestamp="2019-12-16T01:46:51 IST">
  <testcase classname="loginusingdp.Login" name="loginwithBothCorrect" time="18.657"/>
  <testcase classname="loginusingdp.Login" name="loginwithBothCorrect" time="14.39"/>
  <testcase classname="loginusingdp.Login" name="loginwithBothCorrect" time="15.937"/>
  <testcase classname="loginusingdp.Login" name="loginwithBothCorrect" time="15.951"/>
</testsuite> <!-- loginusingdp -->
