<?xml version="1.0" encoding="UTF-8"?>
<!-- Generated by org.testng.reporters.JUnitXMLReporter -->
<testsuite ignored="2" hostname="DESKTOP-LG2LKO2" failures="0" tests="2" name="sanity" time="0.073" errors="0" timestamp="2019-11-21T14:17:06 IST">
  <testcase classname="Test2.Mobile" name="text" time="0.02"/>
  <testcase classname="Test2.TV" name="star" time="0.0"/>
  <testcase classname="Test2.TV" name="Sun" time="0.0">
    <ignored/>
  </testcase> <!-- Sun -->
  <testcase classname="Test2.Mobile" name="socialapps" time="0.0">
    <ignored/>
  </testcase> <!-- socialapps -->
</testsuite> <!-- sanity -->
