<?xml version="1.0" encoding="UTF-8"?>
<!-- Generated by org.testng.reporters.JUnitXMLReporter -->
<testsuite ignored="3" hostname="DESKTOP-LG2LKO2" failures="0" tests="3" name="Test2" time="0.069" errors="0" timestamp="2019-11-10T13:01:39 IST">
  <testcase classname="Test.Hello" name="sampletest" time="0.007"/>
  <testcase classname="Test.Loan1" name="Homeloan1personal" time="0.011"/>
  <testcase classname="Test.Loan1" name="personalloan3" time="0.003"/>
  <testcase classname="Test.Loan2" name="Homeloan1" time="0.0">
    <ignored/>
  </testcase> <!-- Homeloan1 -->
  <testcase classname="Test.Loan2" name="Homeloan2" time="0.0">
    <ignored/>
  </testcase> <!-- Homeloan2 -->
  <testcase classname="Test.Loan2" name="Homeloan3" time="0.0">
    <ignored/>
  </testcase> <!-- Homeloan3 -->
</testsuite> <!-- Test2 -->
